0 info it worked if it ends with ok
1 verbose cli [ '/usr/bin/node',
1 verbose cli   '/usr/bin/npm',
1 verbose cli   'install',
1 verbose cli   'vuepress/plugin-blog' ]
2 info using npm@3.5.2
3 info using node@v8.10.0
4 silly loadCurrentTree Starting
5 silly install loadCurrentTree
6 silly install readLocalPackageData
7 silly fetchPackageMetaData vuepress/plugin-blog
8 silly fetchOtherPackageData vuepress/plugin-blog
9 silly cache add args [ 'vuepress/plugin-blog', null ]
10 verbose cache add spec vuepress/plugin-blog
11 silly cache add parsed spec Result {
11 silly cache add   raw: 'vuepress/plugin-blog',
11 silly cache add   scope: null,
11 silly cache add   name: null,
11 silly cache add   rawSpec: 'vuepress/plugin-blog',
11 silly cache add   spec: 'github:vuepress/plugin-blog',
11 silly cache add   type: 'hosted',
11 silly cache add   hosted:
11 silly cache add    { type: 'github',
11 silly cache add      ssh: 'git@github.com:vuepress/plugin-blog.git',
11 silly cache add      sshUrl: 'git+ssh://git@github.com/vuepress/plugin-blog.git',
11 silly cache add      httpsUrl: 'git+https://github.com/vuepress/plugin-blog.git',
11 silly cache add      gitUrl: 'git://github.com/vuepress/plugin-blog.git',
11 silly cache add      shortcut: 'github:vuepress/plugin-blog',
11 silly cache add      directUrl: 'https://raw.githubusercontent.com/vuepress/plugin-blog/master/package.json' } }
12 verbose addRemoteGit caching vuepress/plugin-blog
13 verbose addRemoteGit vuepress/plugin-blog is a repository hosted by github
14 silly tryGitProto attempting to clone git://github.com/vuepress/plugin-blog.git
15 silly tryClone cloning vuepress/plugin-blog via git://github.com/vuepress/plugin-blog.git
16 verbose tryClone git-github-com-vuepress-plugin-blog-git-9f003d7b not in flight; caching
17 verbose makeDirectory /home/thomas/.npm/_git-remotes creation not in flight; initializing
18 silly makeDirectory /home/thomas/.npm/_git-remotes uid: 1000 gid: 1000
19 info git [ 'clone',
19 info git   '--template=/home/thomas/.npm/_git-remotes/_templates',
19 info git   '--mirror',
19 info git   'git://github.com/vuepress/plugin-blog.git',
19 info git   '/home/thomas/.npm/_git-remotes/git-github-com-vuepress-plugin-blog-git-9f003d7b' ]
20 verbose git clone --template=/home/thomas/.npm/_git-remotes/_templates --mirror git://github.com/vuepress/plugin-blog.git /home/thomas/.npm/_git-remotes/git-github-com-vuepress-plugin-blog-git-9f003d7b: Klone in Bare-Repository '/home/thomas/.npm/_git-remotes/git-github-com-vuepress-plugin-blog-git-9f003d7b' ...
20 verbose git clone --template=/home/thomas/.npm/_git-remotes/_templates --mirror git://github.com/vuepress/plugin-blog.git /home/thomas/.npm/_git-remotes/git-github-com-vuepress-plugin-blog-git-9f003d7b: fatal: remote error:
20 verbose git clone --template=/home/thomas/.npm/_git-remotes/_templates --mirror git://github.com/vuepress/plugin-blog.git /home/thomas/.npm/_git-remotes/git-github-com-vuepress-plugin-blog-git-9f003d7b:   Repository not found.
21 silly tryHTTPS attempting to clone git+https://github.com/vuepress/plugin-blog.git
22 silly tryClone cloning vuepress/plugin-blog via git+https://github.com/vuepress/plugin-blog.git
23 verbose tryClone git-https-github-com-vuepress-plugin-blog-git-fd917424 not in flight; caching
24 info git [ 'clone',
24 info git   '--template=/home/thomas/.npm/_git-remotes/_templates',
24 info git   '--mirror',
24 info git   'https://github.com/vuepress/plugin-blog.git',
24 info git   '/home/thomas/.npm/_git-remotes/git-https-github-com-vuepress-plugin-blog-git-fd917424' ]
25 verbose git clone --template=/home/thomas/.npm/_git-remotes/_templates --mirror https://github.com/vuepress/plugin-blog.git /home/thomas/.npm/_git-remotes/git-https-github-com-vuepress-plugin-blog-git-fd917424: Klone in Bare-Repository '/home/thomas/.npm/_git-remotes/git-https-github-com-vuepress-plugin-blog-git-fd917424' ...
25 verbose git clone --template=/home/thomas/.npm/_git-remotes/_templates --mirror https://github.com/vuepress/plugin-blog.git /home/thomas/.npm/_git-remotes/git-https-github-com-vuepress-plugin-blog-git-fd917424: remote: Invalid username or password.
25 verbose git clone --template=/home/thomas/.npm/_git-remotes/_templates --mirror https://github.com/vuepress/plugin-blog.git /home/thomas/.npm/_git-remotes/git-https-github-com-vuepress-plugin-blog-git-fd917424: fatal: Authentication failed for 'https://github.com/vuepress/plugin-blog.git/'
26 silly trySSH attempting to clone git@github.com:vuepress/plugin-blog.git
27 silly tryClone cloning vuepress/plugin-blog via git@github.com:vuepress/plugin-blog.git
28 verbose tryClone git-github-com-vuepress-plugin-blog-git-0e3ae1c8 not in flight; caching
29 info git [ 'clone',
29 info git   '--template=/home/thomas/.npm/_git-remotes/_templates',
29 info git   '--mirror',
29 info git   'git@github.com:vuepress/plugin-blog.git',
29 info git   '/home/thomas/.npm/_git-remotes/git-github-com-vuepress-plugin-blog-git-0e3ae1c8' ]
30 error git clone --template=/home/thomas/.npm/_git-remotes/_templates --mirror git@github.com:vuepress/plugin-blog.git /home/thomas/.npm/_git-remotes/git-github-com-vuepress-plugin-blog-git-0e3ae1c8: Klone in Bare-Repository '/home/thomas/.npm/_git-remotes/git-github-com-vuepress-plugin-blog-git-0e3ae1c8' ...
30 error git clone --template=/home/thomas/.npm/_git-remotes/_templates --mirror git@github.com:vuepress/plugin-blog.git /home/thomas/.npm/_git-remotes/git-github-com-vuepress-plugin-blog-git-0e3ae1c8: ERROR: Repository not found.
30 error git clone --template=/home/thomas/.npm/_git-remotes/_templates --mirror git@github.com:vuepress/plugin-blog.git /home/thomas/.npm/_git-remotes/git-github-com-vuepress-plugin-blog-git-0e3ae1c8: fatal: Konnte nicht vom Remote-Repository lesen.
30 error git clone --template=/home/thomas/.npm/_git-remotes/_templates --mirror git@github.com:vuepress/plugin-blog.git /home/thomas/.npm/_git-remotes/git-github-com-vuepress-plugin-blog-git-0e3ae1c8:
30 error git clone --template=/home/thomas/.npm/_git-remotes/_templates --mirror git@github.com:vuepress/plugin-blog.git /home/thomas/.npm/_git-remotes/git-github-com-vuepress-plugin-blog-git-0e3ae1c8: Bitte stellen Sie sicher, dass die korrekten Zugriffsberechtigungen bestehen
30 error git clone --template=/home/thomas/.npm/_git-remotes/_templates --mirror git@github.com:vuepress/plugin-blog.git /home/thomas/.npm/_git-remotes/git-github-com-vuepress-plugin-blog-git-0e3ae1c8: und das Repository existiert.
31 silly fetchPackageMetaData Error: Command failed: git clone --template=/home/thomas/.npm/_git-remotes/_templates --mirror git@github.com:vuepress/plugin-blog.git /home/thomas/.npm/_git-remotes/git-github-com-vuepress-plugin-blog-git-0e3ae1c8
31 silly fetchPackageMetaData Klone in Bare-Repository '/home/thomas/.npm/_git-remotes/git-github-com-vuepress-plugin-blog-git-0e3ae1c8' ...
31 silly fetchPackageMetaData ERROR: Repository not found.
31 silly fetchPackageMetaData fatal: Konnte nicht vom Remote-Repository lesen.
31 silly fetchPackageMetaData
31 silly fetchPackageMetaData Bitte stellen Sie sicher, dass die korrekten Zugriffsberechtigungen bestehen
31 silly fetchPackageMetaData und das Repository existiert.
31 silly fetchPackageMetaData
31 silly fetchPackageMetaData     at ChildProcess.exithandler (child_process.js:275:12)
31 silly fetchPackageMetaData     at emitTwo (events.js:126:13)
31 silly fetchPackageMetaData     at ChildProcess.emit (events.js:214:7)
31 silly fetchPackageMetaData     at maybeClose (internal/child_process.js:925:16)
31 silly fetchPackageMetaData     at Process.ChildProcess._handle.onexit (internal/child_process.js:209:5)
31 silly fetchPackageMetaData  error for vuepress/plugin-blog { Error: Command failed: git clone --template=/home/thomas/.npm/_git-remotes/_templates --mirror git@github.com:vuepress/plugin-blog.git /home/thomas/.npm/_git-remotes/git-github-com-vuepress-plugin-blog-git-0e3ae1c8
31 silly fetchPackageMetaData Klone in Bare-Repository '/home/thomas/.npm/_git-remotes/git-github-com-vuepress-plugin-blog-git-0e3ae1c8' ...
31 silly fetchPackageMetaData ERROR: Repository not found.
31 silly fetchPackageMetaData fatal: Konnte nicht vom Remote-Repository lesen.
31 silly fetchPackageMetaData
31 silly fetchPackageMetaData Bitte stellen Sie sicher, dass die korrekten Zugriffsberechtigungen bestehen
31 silly fetchPackageMetaData und das Repository existiert.
31 silly fetchPackageMetaData
31 silly fetchPackageMetaData     at ChildProcess.exithandler (child_process.js:275:12)
31 silly fetchPackageMetaData     at emitTwo (events.js:126:13)
31 silly fetchPackageMetaData     at ChildProcess.emit (events.js:214:7)
31 silly fetchPackageMetaData     at maybeClose (internal/child_process.js:925:16)
31 silly fetchPackageMetaData     at Process.ChildProcess._handle.onexit (internal/child_process.js:209:5)
31 silly fetchPackageMetaData   killed: false,
31 silly fetchPackageMetaData   code: 128,
31 silly fetchPackageMetaData   signal: null,
31 silly fetchPackageMetaData   cmd: 'git clone --template=/home/thomas/.npm/_git-remotes/_templates --mirror git@github.com:vuepress/plugin-blog.git /home/thomas/.npm/_git-remotes/git-github-com-vuepress-plugin-blog-git-0e3ae1c8' }
32 silly rollbackFailedOptional Starting
33 silly rollbackFailedOptional Finishing
34 silly runTopLevelLifecycles Starting
35 silly runTopLevelLifecycles Finishing
36 silly install printInstalled
37 verbose stack Error: Command failed: git clone --template=/home/thomas/.npm/_git-remotes/_templates --mirror git@github.com:vuepress/plugin-blog.git /home/thomas/.npm/_git-remotes/git-github-com-vuepress-plugin-blog-git-0e3ae1c8
37 verbose stack Klone in Bare-Repository '/home/thomas/.npm/_git-remotes/git-github-com-vuepress-plugin-blog-git-0e3ae1c8' ...
37 verbose stack ERROR: Repository not found.
37 verbose stack fatal: Konnte nicht vom Remote-Repository lesen.
37 verbose stack
37 verbose stack Bitte stellen Sie sicher, dass die korrekten Zugriffsberechtigungen bestehen
37 verbose stack und das Repository existiert.
37 verbose stack
37 verbose stack     at ChildProcess.exithandler (child_process.js:275:12)
37 verbose stack     at emitTwo (events.js:126:13)
37 verbose stack     at ChildProcess.emit (events.js:214:7)
37 verbose stack     at maybeClose (internal/child_process.js:925:16)
37 verbose stack     at Process.ChildProcess._handle.onexit (internal/child_process.js:209:5)
38 verbose cwd /home/thomas/workspace/blog
39 error Linux 5.3.0-42-generic
40 error argv "/usr/bin/node" "/usr/bin/npm" "install" "vuepress/plugin-blog"
41 error node v8.10.0
42 error npm  v3.5.2
43 error code 128
44 error Command failed: git clone --template=/home/thomas/.npm/_git-remotes/_templates --mirror git@github.com:vuepress/plugin-blog.git /home/thomas/.npm/_git-remotes/git-github-com-vuepress-plugin-blog-git-0e3ae1c8
44 error Klone in Bare-Repository '/home/thomas/.npm/_git-remotes/git-github-com-vuepress-plugin-blog-git-0e3ae1c8' ...
44 error ERROR: Repository not found.
44 error fatal: Konnte nicht vom Remote-Repository lesen.
44 error
44 error Bitte stellen Sie sicher, dass die korrekten Zugriffsberechtigungen bestehen
44 error und das Repository existiert.
45 error If you need help, you may report this error at:
45 error     <https://github.com/npm/npm/issues>
46 verbose exit [ 1, true ]
